0 info it worked if it ends with ok
1 verbose cli [ 'C:\\Program Files\\nodejs\\node.exe',
1 verbose cli   'C:\\Program Files\\nodejs\\node_modules\\npm\\bin\\npm-cli.js',
1 verbose cli   'start' ]
2 info using npm@3.10.10
3 info using node@v6.10.1
4 verbose run-script [ 'prestart', 'start', 'poststart' ]
5 info lifecycle apiassessment@0.0.0~prestart: apiassessment@0.0.0
6 silly lifecycle apiassessment@0.0.0~prestart: no script for prestart, continuing
7 info lifecycle apiassessment@0.0.0~start: apiassessment@0.0.0
8 verbose lifecycle apiassessment@0.0.0~start: unsafe-perm in lifecycle true
9 verbose lifecycle apiassessment@0.0.0~start: PATH: C:\Program Files\nodejs\node_modules\npm\bin\node-gyp-bin;C:\Users\BENJAMIN TAIWO\apiassessment\node_modules\.bin;C:\Users\BENJAMIN TAIWO\bin;C:\Program Files\Git\mingw64\bin;C:\Program Files\Git\usr\local\bin;C:\Program Files\Git\usr\bin;C:\Program Files\Git\usr\bin;C:\Program Files\Git\mingw64\bin;C:\Program Files\Git\usr\bin;C:\Users\BENJAMIN TAIWO\bin;C:\Windows\system32;C:\Windows;C:\Windows\System32\Wbem;C:\Windows\System32\WindowsPowerShell\v1.0\C;C:\Program Files\Git\Python351;C:\Program Files (x86)\Skype\Phone;C:\xampp\php;C:\Program Files (x86)\Microsoft SQL Server\100\Tools\Binn;C:\Program Files\Microsoft SQL Server\100\Tools\Binn;C:\Program Files\Microsoft SQL Server\100\DTS\Binn;C:\Program Files\nodejs;C:\Users\BENJAMIN TAIWO\Anaconda2;C:\Users\BENJAMIN TAIWO\Anaconda2\Scripts;C:\Users\BENJAMIN TAIWO\AppData\Local\Programs\Python\Python35-32\Scripts;C:\Users\BENJAMIN TAIWO\AppData\Local\Programs\Python\Python35-32;C:\Users\BENJAMIN TAIWO\AppData\Local\pip\Cache\wheels\c8\7b\27\8c6bb2c2147c8e181351d87bcdb4a51df1a54ecf0facf98b87; C;C:\Program Files\Git\Users\BENJAMIN TAIWO\AppData\Local\pip\Cache\wheels\28\f4\dc\543816a1928862850085f6ae1472b83b253935963a7a3fbe80; C;C:\Program Files\Git\Users\BENJAMIN TAIWO\AppData\Local\pip\Cache\wheels\0a\73\c2\1dcc99951b6aeac495e7695505d1837616ca194938f07d1d7b;C:\Users\BENJAMIN TAIWO\AppData\Roaming\npm;C:\Program Files (x86)\Microsoft VS Code\bin;C:\Program Files\Git\usr\bin\vendor_perl;C:\Program Files\Git\usr\bin\core_perl
10 verbose lifecycle apiassessment@0.0.0~start: CWD: C:\Users\BENJAMIN TAIWO\apiassessment
11 silly lifecycle apiassessment@0.0.0~start: Args: [ '/d /s /c', 'node ./bin/www' ]
12 silly lifecycle apiassessment@0.0.0~start: Returned: code: 1  signal: null
13 info lifecycle apiassessment@0.0.0~start: Failed to exec start script
14 verbose stack Error: apiassessment@0.0.0 start: `node ./bin/www`
14 verbose stack Exit status 1
14 verbose stack     at EventEmitter.<anonymous> (C:\Program Files\nodejs\node_modules\npm\lib\utils\lifecycle.js:255:16)
14 verbose stack     at emitTwo (events.js:106:13)
14 verbose stack     at EventEmitter.emit (events.js:191:7)
14 verbose stack     at ChildProcess.<anonymous> (C:\Program Files\nodejs\node_modules\npm\lib\utils\spawn.js:40:14)
14 verbose stack     at emitTwo (events.js:106:13)
14 verbose stack     at ChildProcess.emit (events.js:191:7)
14 verbose stack     at maybeClose (internal/child_process.js:886:16)
14 verbose stack     at Process.ChildProcess._handle.onexit (internal/child_process.js:226:5)
15 verbose pkgid apiassessment@0.0.0
16 verbose cwd C:\Users\BENJAMIN TAIWO\apiassessment
17 error Windows_NT 10.0.10240
18 error argv "C:\\Program Files\\nodejs\\node.exe" "C:\\Program Files\\nodejs\\node_modules\\npm\\bin\\npm-cli.js" "start"
19 error node v6.10.1
20 error npm  v3.10.10
21 error code ELIFECYCLE
22 error apiassessment@0.0.0 start: `node ./bin/www`
22 error Exit status 1
23 error Failed at the apiassessment@0.0.0 start script 'node ./bin/www'.
23 error Make sure you have the latest version of node.js and npm installed.
23 error If you do, this is most likely a problem with the apiassessment package,
23 error not with npm itself.
23 error Tell the author that this fails on your system:
23 error     node ./bin/www
23 error You can get information on how to open an issue for this project with:
23 error     npm bugs apiassessment
23 error Or if that isn't available, you can get their info via:
23 error     npm owner ls apiassessment
23 error There is likely additional logging output above.
24 verbose exit [ 1, true ]
